0 info it worked if it ends with ok
1 verbose cli [ '/Users/hanxiao/.nvm/v0.11.12/bin/node',
1 verbose cli   '/Users/hanxiao/.nvm/v0.11.12/bin/npm',
1 verbose cli   'install' ]
2 info using npm@1.4.3
3 info using node@v0.11.12
4 error install Couldn't read dependencies
5 error Failed to parse json
5 error Unexpected token }
6 error File: /Users/hanxiao/Nodejs/practices-server/package.json
7 error Failed to parse package.json data.
7 error package.json must be actual JSON, not just JavaScript.
7 error
7 error This is not a bug in npm.
7 error Tell the package author to fix their package.json file. JSON.parse
8 error System Darwin 13.1.0
9 error command "/Users/hanxiao/.nvm/v0.11.12/bin/node" "/Users/hanxiao/.nvm/v0.11.12/bin/npm" "install"
10 error cwd /Users/hanxiao/Nodejs/practices-server
11 error node -v v0.11.12
12 error npm -v 1.4.3
13 error file /Users/hanxiao/Nodejs/practices-server/package.json
14 error code EJSONPARSE
15 verbose exit [ 1, true ]
